  main.c
c:\users\robert\source\repos\group10\main.c(20): warning C4305: 'initializing': truncation from 'double' to 'float'
c:\users\robert\source\repos\group10\main.c(55): warning C4101: 'i': unreferenced local variable
c:\users\robert\source\repos\group10\main.c(124): warning C4996: 'fopen': This function or variable may be unsafe. Consider using fopen_s instead. To disable deprecation, use _CRT_SECURE_NO_WARNINGS. See online help for details.
  c:\program files (x86)\windows kits\10\include\10.0.17134.0\ucrt\stdio.h(208): note: see declaration of 'fopen'
c:\users\robert\source\repos\group10\main.c(132): warning C4996: 'filelength': The POSIX name for this item is deprecated. Instead, use the ISO C and C++ conformant name: _filelength. See online help for details.
  c:\program files (x86)\windows kits\10\include\10.0.17134.0\ucrt\corecrt_io.h(486): note: see declaration of 'filelength'
c:\users\robert\source\repos\group10\main.c(159): warning C4996: 'sprintf': This function or variable may be unsafe. Consider using sprintf_s instead. To disable deprecation, use _CRT_SECURE_NO_WARNINGS. See online help for details.
  c:\program files (x86)\windows kits\10\include\10.0.17134.0\ucrt\stdio.h(1774): note: see declaration of 'sprintf'
c:\users\robert\source\repos\group10\main.c(162): warning C4996: 'strcpy': This function or variable may be unsafe. Consider using strcpy_s instead. To disable deprecation, use _CRT_SECURE_NO_WARNINGS. See online help for details.
  c:\program files (x86)\windows kits\10\include\10.0.17134.0\ucrt\string.h(133): note: see declaration of 'strcpy'
c:\users\robert\source\repos\group10\main.c(168): warning C4996: 'strcat': This function or variable may be unsafe. Consider using strcat_s instead. To disable deprecation, use _CRT_SECURE_NO_WARNINGS. See online help for details.
  c:\program files (x86)\windows kits\10\include\10.0.17134.0\ucrt\string.h(90): note: see declaration of 'strcat'
c:\users\robert\source\repos\group10\main.c(169): warning C4996: 'strcat': This function or variable may be unsafe. Consider using strcat_s instead. To disable deprecation, use _CRT_SECURE_NO_WARNINGS. See online help for details.
  c:\program files (x86)\windows kits\10\include\10.0.17134.0\ucrt\string.h(90): note: see declaration of 'strcat'
c:\users\robert\source\repos\group10\main.c(172): warning C4996: 'strcat': This function or variable may be unsafe. Consider using strcat_s instead. To disable deprecation, use _CRT_SECURE_NO_WARNINGS. See online help for details.
  c:\program files (x86)\windows kits\10\include\10.0.17134.0\ucrt\string.h(90): note: see declaration of 'strcat'
c:\users\robert\source\repos\group10\main.c(175): warning C4996: 'fopen': This function or variable may be unsafe. Consider using fopen_s instead. To disable deprecation, use _CRT_SECURE_NO_WARNINGS. See online help for details.
  c:\program files (x86)\windows kits\10\include\10.0.17134.0\ucrt\stdio.h(208): note: see declaration of 'fopen'
c:\users\robert\source\repos\group10\main.c(247): warning C4244: '=': conversion from 'double' to 'float', possible loss of data
c:\users\robert\source\repos\group10\main.c(249): warning C4244: '=': conversion from 'double' to 'float', possible loss of data
c:\users\robert\source\repos\group10\main.c(253): warning C4305: '=': truncation from 'double' to 'float'
c:\users\robert\source\repos\group10\main.c(226): warning C4101: 'x': unreferenced local variable
  StegoProject.vcxproj -> C:\Users\Robert\source\repos\group10\StegoProject\Debug\StegoProject.exe
